{"/Users/clairem/Documents/Mac/Documents/Cours/Cours et parcours OpenCl/Projets prepa diplôme/projet9/P9-Billed-App/bill-app/Billed-app-FR-Front/src/constants/routes.js": {"path":"/Users/clairem/Documents/Mac/Documents/Cours/Cours et parcours OpenCl/Projets prepa diplôme/projet9/P9-Billed-App/bill-app/Billed-app-FR-Front/src/constants/routes.js","statementMap":{"0":{"start":{"line":6,"column":27},"end":{"line":11,"column":1}},"1":{"start":{"line":13,"column":22},"end":{"line":26,"column":1}},"2":{"start":{"line":14,"column":2},"end":{"line":25,"column":3}},"3":{"start":{"line":16,"column":6},"end":{"line":16,"column":46}},"4":{"start":{"line":18,"column":6},"end":{"line":18,"column":46}},"5":{"start":{"line":20,"column":6},"end":{"line":20,"column":24}},"6":{"start":{"line":22,"column":6},"end":{"line":22,"column":50}},"7":{"start":{"line":24,"column":6},"end":{"line":24,"column":46}}},"fnMap":{"0":{"name":"(anonymous_0)","decl":{"start":{"line":13,"column":22},"end":{"line":13,"column":23}},"loc":{"start":{"line":13,"column":62},"end":{"line":26,"column":1}},"line":13}},"branchMap":{"0":{"loc":{"start":{"line":14,"column":2},"end":{"line":25,"column":3}},"type":"switch","locations":[{"start":{"line":15,"column":4},"end":{"line":16,"column":46}},{"start":{"line":17,"column":4},"end":{"line":18,"column":46}},{"start":{"line":19,"column":4},"end":{"line":20,"column":24}},{"start":{"line":21,"column":4},"end":{"line":22,"column":50}},{"start":{"line":23,"column":4},"end":{"line":24,"column":46}}],"line":14}},"s":{"0":6,"1":6,"2":59,"3":10,"4":18,"5":13,"6":12,"7":6},"f":{"0":59},"b":{"0":[10,18,13,12,6]},"_coverageSchema":"1a1c01bbd47fc00a2c39e90264f33305004495a9","hash":"5b3984fea25291e725c947d11ffba6acb6f7b605"}
,"/Users/clairem/Documents/Mac/Documents/Cours/Cours et parcours OpenCl/Projets prepa diplôme/projet9/P9-Billed-App/bill-app/Billed-app-FR-Front/src/constants/usersTest.js": {"path":"/Users/clairem/Documents/Mac/Documents/Cours/Cours et parcours OpenCl/Projets prepa diplôme/projet9/P9-Billed-App/bill-app/Billed-app-FR-Front/src/constants/usersTest.js","statementMap":{},"fnMap":{},"branchMap":{},"s":{},"f":{},"b":{},"_coverageSchema":"1a1c01bbd47fc00a2c39e90264f33305004495a9","hash":"257dfac7751377ab048fcd66eacac91184f595e7"}
,"/Users/clairem/Documents/Mac/Documents/Cours/Cours et parcours OpenCl/Projets prepa diplôme/projet9/P9-Billed-App/bill-app/Billed-app-FR-Front/src/containers/Bills.js": {"path":"/Users/clairem/Documents/Mac/Documents/Cours/Cours et parcours OpenCl/Projets prepa diplôme/projet9/P9-Billed-App/bill-app/Billed-app-FR-Front/src/containers/Bills.js","statementMap":{"0":{"start":{"line":7,"column":8},"end":{"line":7,"column":32}},"1":{"start":{"line":8,"column":8},"end":{"line":8,"column":36}},"2":{"start":{"line":9,"column":8},"end":{"line":9,"column":26}},"3":{"start":{"line":10,"column":30},"end":{"line":10,"column":90}},"4":{"start":{"line":11,"column":8},"end":{"line":11,"column":91}},"5":{"start":{"line":11,"column":27},"end":{"line":11,"column":91}},"6":{"start":{"line":12,"column":24},"end":{"line":12,"column":80}},"7":{"start":{"line":13,"column":8},"end":{"line":15,"column":10}},"8":{"start":{"line":13,"column":21},"end":{"line":15,"column":10}},"9":{"start":{"line":14,"column":12},"end":{"line":14,"column":79}},"10":{"start":{"line":14,"column":49},"end":{"line":14,"column":78}},"11":{"start":{"line":16,"column":8},"end":{"line":16,"column":58}},"12":{"start":{"line":19,"column":25},"end":{"line":21,"column":5}},"13":{"start":{"line":20,"column":8},"end":{"line":20,"column":47}},"14":{"start":{"line":23,"column":25},"end":{"line":28,"column":5}},"15":{"start":{"line":24,"column":24},"end":{"line":24,"column":58}},"16":{"start":{"line":25,"column":25},"end":{"line":25,"column":67}},"17":{"start":{"line":26,"column":8},"end":{"line":26,"column":172}},"18":{"start":{"line":27,"column":8},"end":{"line":27,"column":38}},"19":{"start":{"line":30,"column":15},"end":{"line":62,"column":5}},"20":{"start":{"line":31,"column":8},"end":{"line":61,"column":9}},"21":{"start":{"line":32,"column":12},"end":{"line":60,"column":18}},"22":{"start":{"line":36,"column":34},"end":{"line":56,"column":26}},"23":{"start":{"line":38,"column":40},"end":{"line":38,"column":75}},"24":{"start":{"line":40,"column":28},"end":{"line":55,"column":29}},"25":{"start":{"line":41,"column":32},"end":{"line":45,"column":33}},"26":{"start":{"line":49,"column":32},"end":{"line":49,"column":58}},"27":{"start":{"line":50,"column":32},"end":{"line":54,"column":33}},"28":{"start":{"line":57,"column":20},"end":{"line":57,"column":46}},"29":{"start":{"line":58,"column":20},"end":{"line":58,"column":55}},"30":{"start":{"line":59,"column":20},"end":{"line":59,"column":32}}},"fnMap":{"0":{"name":"(anonymous_0)","decl":{"start":{"line":6,"column":4},"end":{"line":6,"column":5}},"loc":{"start":{"line":6,"column":63},"end":{"line":17,"column":5}},"line":6},"1":{"name":"(anonymous_1)","decl":{"start":{"line":13,"column":37},"end":{"line":13,"column":38}},"loc":{"start":{"line":13,"column":45},"end":{"line":15,"column":9}},"line":13},"2":{"name":"(anonymous_2)","decl":{"start":{"line":14,"column":43},"end":{"line":14,"column":44}},"loc":{"start":{"line":14,"column":49},"end":{"line":14,"column":78}},"line":14},"3":{"name":"(anonymous_3)","decl":{"start":{"line":19,"column":25},"end":{"line":19,"column":26}},"loc":{"start":{"line":19,"column":31},"end":{"line":21,"column":5}},"line":19},"4":{"name":"(anonymous_4)","decl":{"start":{"line":23,"column":25},"end":{"line":23,"column":26}},"loc":{"start":{"line":23,"column":35},"end":{"line":28,"column":5}},"line":23},"5":{"name":"(anonymous_5)","decl":{"start":{"line":30,"column":15},"end":{"line":30,"column":16}},"loc":{"start":{"line":30,"column":21},"end":{"line":62,"column":5}},"line":30},"6":{"name":"(anonymous_6)","decl":{"start":{"line":35,"column":22},"end":{"line":35,"column":23}},"loc":{"start":{"line":35,"column":34},"end":{"line":60,"column":17}},"line":35},"7":{"name":"(anonymous_7)","decl":{"start":{"line":38,"column":30},"end":{"line":38,"column":31}},"loc":{"start":{"line":38,"column":40},"end":{"line":38,"column":75}},"line":38},"8":{"name":"(anonymous_8)","decl":{"start":{"line":39,"column":29},"end":{"line":39,"column":30}},"loc":{"start":{"line":39,"column":36},"end":{"line":56,"column":25}},"line":39}},"branchMap":{"0":{"loc":{"start":{"line":11,"column":8},"end":{"line":11,"column":91}},"type":"if","locations":[{"start":{"line":11,"column":8},"end":{"line":11,"column":91}},{"start":{"line":11,"column":8},"end":{"line":11,"column":91}}],"line":11},"1":{"loc":{"start":{"line":13,"column":8},"end":{"line":15,"column":10}},"type":"if","locations":[{"start":{"line":13,"column":8},"end":{"line":15,"column":10}},{"start":{"line":13,"column":8},"end":{"line":15,"column":10}}],"line":13},"2":{"loc":{"start":{"line":31,"column":8},"end":{"line":61,"column":9}},"type":"if","locations":[{"start":{"line":31,"column":8},"end":{"line":61,"column":9}},{"start":{"line":31,"column":8},"end":{"line":61,"column":9}}],"line":31}},"s":{"0":22,"1":22,"2":22,"3":22,"4":22,"5":15,"6":22,"7":22,"8":22,"9":28,"10":1,"11":22,"12":22,"13":3,"14":22,"15":2,"16":2,"17":2,"18":2,"19":22,"20":11,"21":11,"22":9,"23":54,"24":36,"25":36,"26":0,"27":0,"28":9,"29":9,"30":9},"f":{"0":22,"1":28,"2":1,"3":3,"4":2,"5":11,"6":9,"7":54,"8":36},"b":{"0":[15,7],"1":[22,0],"2":[11,0]},"_coverageSchema":"1a1c01bbd47fc00a2c39e90264f33305004495a9","hash":"2c699d63a781abaa8dbfdfaad951eac52982757e"}
,"/Users/clairem/Documents/Mac/Documents/Cours/Cours et parcours OpenCl/Projets prepa diplôme/projet9/P9-Billed-App/bill-app/Billed-app-FR-Front/src/containers/Dashboard.js": {"path":"/Users/clairem/Documents/Mac/Documents/Cours/Cours et parcours OpenCl/Projets prepa diplôme/projet9/P9-Billed-App/bill-app/Billed-app-FR-Front/src/containers/Dashboard.js","statementMap":{"0":{"start":{"line":8,"column":29},"end":{"line":28,"column":1}},"1":{"start":{"line":9,"column":4},"end":{"line":27,"column":15}},"2":{"start":{"line":14,"column":12},"end":{"line":24,"column":13}},"3":{"start":{"line":15,"column":16},"end":{"line":15,"column":58}},"4":{"start":{"line":26,"column":12},"end":{"line":26,"column":34}},"5":{"start":{"line":30,"column":20},"end":{"line":53,"column":1}},"6":{"start":{"line":31,"column":30},"end":{"line":31,"column":54}},"7":{"start":{"line":32,"column":22},"end":{"line":33,"column":44}},"8":{"start":{"line":34,"column":21},"end":{"line":35,"column":59}},"9":{"start":{"line":37,"column":4},"end":{"line":52,"column":4}},"10":{"start":{"line":55,"column":21},"end":{"line":57,"column":1}},"11":{"start":{"line":56,"column":4},"end":{"line":56,"column":78}},"12":{"start":{"line":56,"column":53},"end":{"line":56,"column":63}},"13":{"start":{"line":59,"column":25},"end":{"line":68,"column":1}},"14":{"start":{"line":60,"column":4},"end":{"line":67,"column":5}},"15":{"start":{"line":62,"column":12},"end":{"line":62,"column":28}},"16":{"start":{"line":64,"column":12},"end":{"line":64,"column":29}},"17":{"start":{"line":66,"column":12},"end":{"line":66,"column":28}},"18":{"start":{"line":72,"column":8},"end":{"line":72,"column":32}},"19":{"start":{"line":73,"column":8},"end":{"line":73,"column":36}},"20":{"start":{"line":74,"column":8},"end":{"line":74,"column":26}},"21":{"start":{"line":75,"column":8},"end":{"line":75,"column":75}},"22":{"start":{"line":75,"column":39},"end":{"line":75,"column":74}},"23":{"start":{"line":76,"column":8},"end":{"line":76,"column":75}},"24":{"start":{"line":76,"column":39},"end":{"line":76,"column":74}},"25":{"start":{"line":77,"column":8},"end":{"line":77,"column":75}},"26":{"start":{"line":77,"column":39},"end":{"line":77,"column":74}},"27":{"start":{"line":78,"column":8},"end":{"line":78,"column":48}},"28":{"start":{"line":81,"column":25},"end":{"line":86,"column":5}},"29":{"start":{"line":82,"column":24},"end":{"line":82,"column":62}},"30":{"start":{"line":83,"column":25},"end":{"line":83,"column":73}},"31":{"start":{"line":84,"column":8},"end":{"line":84,"column":148}},"32":{"start":{"line":85,"column":8},"end":{"line":85,"column":100}},"33":{"start":{"line":85,"column":64},"end":{"line":85,"column":100}},"34":{"start":{"line":89,"column":8},"end":{"line":89,"column":79}},"35":{"start":{"line":89,"column":63},"end":{"line":89,"column":79}},"36":{"start":{"line":90,"column":8},"end":{"line":90,"column":75}},"37":{"start":{"line":90,"column":58},"end":{"line":90,"column":75}},"38":{"start":{"line":91,"column":8},"end":{"line":107,"column":9}},"39":{"start":{"line":92,"column":12},"end":{"line":94,"column":14}},"40":{"start":{"line":93,"column":16},"end":{"line":93,"column":69}},"41":{"start":{"line":95,"column":12},"end":{"line":95,"column":68}},"42":{"start":{"line":96,"column":12},"end":{"line":96,"column":75}},"43":{"start":{"line":97,"column":12},"end":{"line":97,"column":58}},"44":{"start":{"line":98,"column":12},"end":{"line":98,"column":26}},"45":{"start":{"line":100,"column":12},"end":{"line":100,"column":68}},"46":{"start":{"line":102,"column":12},"end":{"line":104,"column":8}},"47":{"start":{"line":105,"column":12},"end":{"line":105,"column":58}},"48":{"start":{"line":106,"column":12},"end":{"line":106,"column":26}},"49":{"start":{"line":108,"column":8},"end":{"line":108,"column":55}},"50":{"start":{"line":109,"column":8},"end":{"line":109,"column":76}},"51":{"start":{"line":109,"column":43},"end":{"line":109,"column":75}},"52":{"start":{"line":110,"column":8},"end":{"line":110,"column":76}},"53":{"start":{"line":110,"column":43},"end":{"line":110,"column":75}},"54":{"start":{"line":113,"column":25},"end":{"line":121,"column":5}},"55":{"start":{"line":114,"column":24},"end":{"line":118,"column":9}},"56":{"start":{"line":119,"column":8},"end":{"line":119,"column":32}},"57":{"start":{"line":120,"column":8},"end":{"line":120,"column":49}},"58":{"start":{"line":123,"column":25},"end":{"line":131,"column":5}},"59":{"start":{"line":124,"column":24},"end":{"line":128,"column":9}},"60":{"start":{"line":129,"column":8},"end":{"line":129,"column":32}},"61":{"start":{"line":130,"column":8},"end":{"line":130,"column":49}},"62":{"start":{"line":137,"column":8},"end":{"line":137,"column":80}},"63":{"start":{"line":137,"column":64},"end":{"line":137,"column":80}},"64":{"start":{"line":138,"column":8},"end":{"line":138,"column":80}},"65":{"start":{"line":138,"column":62},"end":{"line":138,"column":80}},"66":{"start":{"line":139,"column":8},"end":{"line":149,"column":9}},"67":{"start":{"line":140,"column":12},"end":{"line":140,"column":76}},"68":{"start":{"line":141,"column":12},"end":{"line":142,"column":73}},"69":{"start":{"line":143,"column":12},"end":{"line":143,"column":26}},"70":{"start":{"line":145,"column":12},"end":{"line":145,"column":77}},"71":{"start":{"line":146,"column":12},"end":{"line":147,"column":25}},"72":{"start":{"line":148,"column":12},"end":{"line":148,"column":26}},"73":{"start":{"line":155,"column":8},"end":{"line":162,"column":10}},"74":{"start":{"line":158,"column":12},"end":{"line":161,"column":13}},"75":{"start":{"line":159,"column":16},"end":{"line":159,"column":64}},"76":{"start":{"line":160,"column":16},"end":{"line":160,"column":93}},"77":{"start":{"line":160,"column":55},"end":{"line":160,"column":92}},"78":{"start":{"line":164,"column":8},"end":{"line":164,"column":20}},"79":{"start":{"line":168,"column":23},"end":{"line":187,"column":5}},"80":{"start":{"line":169,"column":8},"end":{"line":186,"column":9}},"81":{"start":{"line":170,"column":12},"end":{"line":185,"column":18}},"82":{"start":{"line":174,"column":34},"end":{"line":180,"column":27}},"83":{"start":{"line":175,"column":37},"end":{"line":180,"column":25}},"84":{"start":{"line":181,"column":20},"end":{"line":181,"column":32}},"85":{"start":{"line":184,"column":20},"end":{"line":184,"column":32}}},"fnMap":{"0":{"name":"(anonymous_0)","decl":{"start":{"line":8,"column":29},"end":{"line":8,"column":30}},"loc":{"start":{"line":8,"column":47},"end":{"line":28,"column":1}},"line":8},"1":{"name":"(anonymous_1)","decl":{"start":{"line":10,"column":20},"end":{"line":10,"column":21}},"loc":{"start":{"line":10,"column":28},"end":{"line":27,"column":9}},"line":10},"2":{"name":"(anonymous_2)","decl":{"start":{"line":30,"column":20},"end":{"line":30,"column":21}},"loc":{"start":{"line":30,"column":30},"end":{"line":53,"column":1}},"line":30},"3":{"name":"(anonymous_3)","decl":{"start":{"line":55,"column":21},"end":{"line":55,"column":22}},"loc":{"start":{"line":55,"column":32},"end":{"line":57,"column":1}},"line":55},"4":{"name":"(anonymous_4)","decl":{"start":{"line":56,"column":45},"end":{"line":56,"column":46}},"loc":{"start":{"line":56,"column":53},"end":{"line":56,"column":63}},"line":56},"5":{"name":"(anonymous_5)","decl":{"start":{"line":59,"column":25},"end":{"line":59,"column":26}},"loc":{"start":{"line":59,"column":36},"end":{"line":68,"column":1}},"line":59},"6":{"name":"(anonymous_6)","decl":{"start":{"line":71,"column":4},"end":{"line":71,"column":5}},"loc":{"start":{"line":71,"column":70},"end":{"line":79,"column":5}},"line":71},"7":{"name":"(anonymous_7)","decl":{"start":{"line":75,"column":32},"end":{"line":75,"column":33}},"loc":{"start":{"line":75,"column":39},"end":{"line":75,"column":74}},"line":75},"8":{"name":"(anonymous_8)","decl":{"start":{"line":76,"column":32},"end":{"line":76,"column":33}},"loc":{"start":{"line":76,"column":39},"end":{"line":76,"column":74}},"line":76},"9":{"name":"(anonymous_9)","decl":{"start":{"line":77,"column":32},"end":{"line":77,"column":33}},"loc":{"start":{"line":77,"column":39},"end":{"line":77,"column":74}},"line":77},"10":{"name":"(anonymous_10)","decl":{"start":{"line":81,"column":25},"end":{"line":81,"column":26}},"loc":{"start":{"line":81,"column":31},"end":{"line":86,"column":5}},"line":81},"11":{"name":"(anonymous_11)","decl":{"start":{"line":88,"column":4},"end":{"line":88,"column":5}},"loc":{"start":{"line":88,"column":37},"end":{"line":111,"column":5}},"line":88},"12":{"name":"(anonymous_12)","decl":{"start":{"line":92,"column":26},"end":{"line":92,"column":27}},"loc":{"start":{"line":92,"column":31},"end":{"line":94,"column":13}},"line":92},"13":{"name":"(anonymous_13)","decl":{"start":{"line":109,"column":36},"end":{"line":109,"column":37}},"loc":{"start":{"line":109,"column":43},"end":{"line":109,"column":75}},"line":109},"14":{"name":"(anonymous_14)","decl":{"start":{"line":110,"column":36},"end":{"line":110,"column":37}},"loc":{"start":{"line":110,"column":43},"end":{"line":110,"column":75}},"line":110},"15":{"name":"(anonymous_15)","decl":{"start":{"line":113,"column":25},"end":{"line":113,"column":26}},"loc":{"start":{"line":113,"column":38},"end":{"line":121,"column":5}},"line":113},"16":{"name":"(anonymous_16)","decl":{"start":{"line":123,"column":25},"end":{"line":123,"column":26}},"loc":{"start":{"line":123,"column":38},"end":{"line":131,"column":5}},"line":123},"17":{"name":"(anonymous_17)","decl":{"start":{"line":136,"column":4},"end":{"line":136,"column":5}},"loc":{"start":{"line":136,"column":39},"end":{"line":166,"column":5}},"line":136},"18":{"name":"(anonymous_18)","decl":{"start":{"line":155,"column":22},"end":{"line":155,"column":23}},"loc":{"start":{"line":155,"column":30},"end":{"line":162,"column":9}},"line":155},"19":{"name":"(anonymous_19)","decl":{"start":{"line":160,"column":48},"end":{"line":160,"column":49}},"loc":{"start":{"line":160,"column":55},"end":{"line":160,"column":92}},"line":160},"20":{"name":"(anonymous_20)","decl":{"start":{"line":168,"column":23},"end":{"line":168,"column":24}},"loc":{"start":{"line":168,"column":29},"end":{"line":187,"column":5}},"line":168},"21":{"name":"(anonymous_21)","decl":{"start":{"line":173,"column":22},"end":{"line":173,"column":23}},"loc":{"start":{"line":173,"column":34},"end":{"line":182,"column":17}},"line":173},"22":{"name":"(anonymous_22)","decl":{"start":{"line":175,"column":29},"end":{"line":175,"column":30}},"loc":{"start":{"line":175,"column":37},"end":{"line":180,"column":25}},"line":175},"23":{"name":"(anonymous_23)","decl":{"start":{"line":183,"column":23},"end":{"line":183,"column":24}},"loc":{"start":{"line":183,"column":32},"end":{"line":185,"column":17}},"line":183}},"branchMap":{"0":{"loc":{"start":{"line":9,"column":11},"end":{"line":27,"column":15}},"type":"cond-expr","locations":[{"start":{"line":10,"column":8},"end":{"line":27,"column":10}},{"start":{"line":27,"column":13},"end":{"line":27,"column":15}}],"line":9},"1":{"loc":{"start":{"line":9,"column":12},"end":{"line":9,"column":31}},"type":"binary-expr","locations":[{"start":{"line":9,"column":12},"end":{"line":9,"column":16}},{"start":{"line":9,"column":20},"end":{"line":9,"column":31}}],"line":9},"2":{"loc":{"start":{"line":14,"column":12},"end":{"line":24,"column":13}},"type":"if","locations":[{"start":{"line":14,"column":12},"end":{"line":24,"column":13}},{"start":{"line":14,"column":12},"end":{"line":24,"column":13}}],"line":14},"3":{"loc":{"start":{"line":32,"column":22},"end":{"line":33,"column":44}},"type":"cond-expr","locations":[{"start":{"line":33,"column":8},"end":{"line":33,"column":39}},{"start":{"line":33,"column":42},"end":{"line":33,"column":44}}],"line":32},"4":{"loc":{"start":{"line":34,"column":21},"end":{"line":35,"column":59}},"type":"cond-expr","locations":[{"start":{"line":35,"column":8},"end":{"line":35,"column":39}},{"start":{"line":35,"column":42},"end":{"line":35,"column":59}}],"line":34},"5":{"loc":{"start":{"line":56,"column":11},"end":{"line":56,"column":78}},"type":"cond-expr","locations":[{"start":{"line":56,"column":35},"end":{"line":56,"column":73}},{"start":{"line":56,"column":76},"end":{"line":56,"column":78}}],"line":56},"6":{"loc":{"start":{"line":56,"column":11},"end":{"line":56,"column":32}},"type":"binary-expr","locations":[{"start":{"line":56,"column":11},"end":{"line":56,"column":16}},{"start":{"line":56,"column":20},"end":{"line":56,"column":32}}],"line":56},"7":{"loc":{"start":{"line":60,"column":4},"end":{"line":67,"column":5}},"type":"switch","locations":[{"start":{"line":61,"column":8},"end":{"line":62,"column":28}},{"start":{"line":63,"column":8},"end":{"line":64,"column":29}},{"start":{"line":65,"column":8},"end":{"line":66,"column":28}}],"line":60},"8":{"loc":{"start":{"line":85,"column":8},"end":{"line":85,"column":100}},"type":"if","locations":[{"start":{"line":85,"column":8},"end":{"line":85,"column":100}},{"start":{"line":85,"column":8},"end":{"line":85,"column":100}}],"line":85},"9":{"loc":{"start":{"line":89,"column":8},"end":{"line":89,"column":79}},"type":"if","locations":[{"start":{"line":89,"column":8},"end":{"line":89,"column":79}},{"start":{"line":89,"column":8},"end":{"line":89,"column":79}}],"line":89},"10":{"loc":{"start":{"line":89,"column":12},"end":{"line":89,"column":61}},"type":"binary-expr","locations":[{"start":{"line":89,"column":12},"end":{"line":89,"column":38}},{"start":{"line":89,"column":42},"end":{"line":89,"column":61}}],"line":89},"11":{"loc":{"start":{"line":90,"column":8},"end":{"line":90,"column":75}},"type":"if","locations":[{"start":{"line":90,"column":8},"end":{"line":90,"column":75}},{"start":{"line":90,"column":8},"end":{"line":90,"column":75}}],"line":90},"12":{"loc":{"start":{"line":90,"column":12},"end":{"line":90,"column":56}},"type":"binary-expr","locations":[{"start":{"line":90,"column":12},"end":{"line":90,"column":33}},{"start":{"line":90,"column":37},"end":{"line":90,"column":56}}],"line":90},"13":{"loc":{"start":{"line":91,"column":8},"end":{"line":107,"column":9}},"type":"if","locations":[{"start":{"line":91,"column":8},"end":{"line":107,"column":9}},{"start":{"line":91,"column":8},"end":{"line":107,"column":9}}],"line":91},"14":{"loc":{"start":{"line":137,"column":8},"end":{"line":137,"column":80}},"type":"if","locations":[{"start":{"line":137,"column":8},"end":{"line":137,"column":80}},{"start":{"line":137,"column":8},"end":{"line":137,"column":80}}],"line":137},"15":{"loc":{"start":{"line":137,"column":12},"end":{"line":137,"column":62}},"type":"binary-expr","locations":[{"start":{"line":137,"column":12},"end":{"line":137,"column":38}},{"start":{"line":137,"column":42},"end":{"line":137,"column":62}}],"line":137},"16":{"loc":{"start":{"line":138,"column":8},"end":{"line":138,"column":80}},"type":"if","locations":[{"start":{"line":138,"column":8},"end":{"line":138,"column":80}},{"start":{"line":138,"column":8},"end":{"line":138,"column":80}}],"line":138},"17":{"loc":{"start":{"line":138,"column":12},"end":{"line":138,"column":60}},"type":"binary-expr","locations":[{"start":{"line":138,"column":12},"end":{"line":138,"column":36}},{"start":{"line":138,"column":40},"end":{"line":138,"column":60}}],"line":138},"18":{"loc":{"start":{"line":139,"column":8},"end":{"line":149,"column":9}},"type":"if","locations":[{"start":{"line":139,"column":8},"end":{"line":149,"column":9}},{"start":{"line":139,"column":8},"end":{"line":149,"column":9}}],"line":139},"19":{"loc":{"start":{"line":158,"column":12},"end":{"line":161,"column":13}},"type":"if","locations":[{"start":{"line":158,"column":12},"end":{"line":161,"column":13}},{"start":{"line":158,"column":12},"end":{"line":161,"column":13}}],"line":158},"20":{"loc":{"start":{"line":169,"column":8},"end":{"line":186,"column":9}},"type":"if","locations":[{"start":{"line":169,"column":8},"end":{"line":186,"column":9}},{"start":{"line":169,"column":8},"end":{"line":186,"column":9}}],"line":169}},"s":{"0":6,"1":44,"2":104,"3":104,"4":104,"5":6,"6":6,"7":6,"8":6,"9":6,"10":6,"11":6,"12":6,"13":6,"14":5,"15":3,"16":1,"17":1,"18":14,"19":14,"20":14,"21":14,"22":0,"23":14,"24":0,"25":14,"26":0,"27":14,"28":14,"29":1,"30":1,"31":1,"32":1,"33":0,"34":3,"35":2,"36":3,"37":2,"38":3,"39":2,"40":8,"41":2,"42":2,"43":2,"44":2,"45":1,"46":1,"47":1,"48":1,"49":3,"50":3,"51":0,"52":3,"53":0,"54":14,"55":1,"56":1,"57":1,"58":14,"59":1,"60":1,"61":1,"62":5,"63":5,"64":5,"65":5,"66":5,"67":5,"68":5,"69":5,"70":0,"71":0,"72":0,"73":5,"74":20,"75":17,"76":17,"77":3,"78":5,"79":14,"80":5,"81":5,"82":3,"83":12,"84":3,"85":2},"f":{"0":44,"1":104,"2":6,"3":6,"4":6,"5":5,"6":14,"7":0,"8":0,"9":0,"10":1,"11":3,"12":8,"13":0,"14":0,"15":1,"16":1,"17":5,"18":20,"19":3,"20":5,"21":3,"22":12,"23":2},"b":{"0":[26,18],"1":[44,26],"2":[104,0],"3":[0,6],"4":[0,6],"5":[5,1],"6":[6,6],"7":[3,1,1],"8":[0,1],"9":[2,1],"10":[3,3],"11":[2,1],"12":[3,1],"13":[2,1],"14":[5,0],"15":[5,2],"16":[5,0],"17":[5,2],"18":[5,0],"19":[17,3],"20":[5,0]},"_coverageSchema":"1a1c01bbd47fc00a2c39e90264f33305004495a9","hash":"c1eb9452420f3e36e120ae35d39893cd9ef61b7a"}
,"/Users/clairem/Documents/Mac/Documents/Cours/Cours et parcours OpenCl/Projets prepa diplôme/projet9/P9-Billed-App/bill-app/Billed-app-FR-Front/src/containers/Login.js": {"path":"/Users/clairem/Documents/Mac/Documents/Cours/Cours et parcours OpenCl/Projets prepa diplôme/projet9/P9-Billed-App/bill-app/Billed-app-FR-Front/src/containers/Login.js","statementMap":{"0":{"start":{"line":2,"column":31},"end":{"line":2,"column":33}},"1":{"start":{"line":7,"column":12},"end":{"line":7,"column":36}},"2":{"start":{"line":8,"column":12},"end":{"line":8,"column":44}},"3":{"start":{"line":9,"column":12},"end":{"line":9,"column":40}},"4":{"start":{"line":10,"column":12},"end":{"line":10,"column":54}},"5":{"start":{"line":11,"column":12},"end":{"line":11,"column":30}},"6":{"start":{"line":12,"column":33},"end":{"line":12,"column":97}},"7":{"start":{"line":13,"column":12},"end":{"line":13,"column":78}},"8":{"start":{"line":14,"column":30},"end":{"line":14,"column":91}},"9":{"start":{"line":15,"column":12},"end":{"line":15,"column":72}}},"fnMap":{"0":{"name":"(anonymous_0)","decl":{"start":{"line":6,"column":4},"end":{"line":6,"column":5}},"loc":{"start":{"line":6,"column":82},"end":{"line":16,"column":9}},"line":6}},"branchMap":{},"s":{"0":4,"1":4,"2":4,"3":4,"4":4,"5":4,"6":4,"7":4,"8":4,"9":4},"f":{"0":4},"b":{},"_coverageSchema":"1a1c01bbd47fc00a2c39e90264f33305004495a9","hash":"cedb5d417c523d963bf9fb14e8940b25edc53fe9"}
,"/Users/clairem/Documents/Mac/Documents/Cours/Cours et parcours OpenCl/Projets prepa diplôme/projet9/P9-Billed-App/bill-app/Billed-app-FR-Front/src/containers/Logout.js": {"path":"/Users/clairem/Documents/Mac/Documents/Cours/Cours et parcours OpenCl/Projets prepa diplôme/projet9/P9-Billed-App/bill-app/Billed-app-FR-Front/src/containers/Logout.js","statementMap":{"0":{"start":{"line":5,"column":4},"end":{"line":5,"column":28}},"1":{"start":{"line":6,"column":4},"end":{"line":6,"column":32}},"2":{"start":{"line":7,"column":4},"end":{"line":7,"column":36}},"3":{"start":{"line":8,"column":4},"end":{"line":8,"column":51}},"4":{"start":{"line":11,"column":16},"end":{"line":14,"column":3}},"5":{"start":{"line":12,"column":4},"end":{"line":12,"column":29}},"6":{"start":{"line":13,"column":4},"end":{"line":13,"column":41}}},"fnMap":{"0":{"name":"(anonymous_0)","decl":{"start":{"line":4,"column":2},"end":{"line":4,"column":3}},"loc":{"start":{"line":4,"column":54},"end":{"line":9,"column":3}},"line":4},"1":{"name":"(anonymous_1)","decl":{"start":{"line":11,"column":16},"end":{"line":11,"column":17}},"loc":{"start":{"line":11,"column":23},"end":{"line":14,"column":3}},"line":11}},"branchMap":{},"s":{"0":49,"1":49,"2":49,"3":49,"4":49,"5":2,"6":2},"f":{"0":49,"1":2},"b":{},"_coverageSchema":"1a1c01bbd47fc00a2c39e90264f33305004495a9","hash":"1b607d82089666c8af51a3cdc6f8cc6a442de7a6"}
,"/Users/clairem/Documents/Mac/Documents/Cours/Cours et parcours OpenCl/Projets prepa diplôme/projet9/P9-Billed-App/bill-app/Billed-app-FR-Front/src/containers/NewBill.js": {"path":"/Users/clairem/Documents/Mac/Documents/Cours/Cours et parcours OpenCl/Projets prepa diplôme/projet9/P9-Billed-App/bill-app/Billed-app-FR-Front/src/containers/NewBill.js","statementMap":{"0":{"start":{"line":6,"column":8},"end":{"line":6,"column":32}},"1":{"start":{"line":7,"column":8},"end":{"line":7,"column":36}},"2":{"start":{"line":8,"column":8},"end":{"line":8,"column":26}},"3":{"start":{"line":9,"column":28},"end":{"line":9,"column":92}},"4":{"start":{"line":10,"column":8},"end":{"line":10,"column":65}},"5":{"start":{"line":11,"column":21},"end":{"line":11,"column":77}},"6":{"start":{"line":12,"column":8},"end":{"line":12,"column":62}},"7":{"start":{"line":13,"column":8},"end":{"line":13,"column":27}},"8":{"start":{"line":14,"column":8},"end":{"line":14,"column":28}},"9":{"start":{"line":15,"column":8},"end":{"line":15,"column":26}},"10":{"start":{"line":16,"column":8},"end":{"line":16,"column":58}},"11":{"start":{"line":18,"column":23},"end":{"line":62,"column":5}},"12":{"start":{"line":19,"column":8},"end":{"line":19,"column":26}},"13":{"start":{"line":20,"column":29},"end":{"line":20,"column":74}},"14":{"start":{"line":21,"column":21},"end":{"line":21,"column":86}},"15":{"start":{"line":22,"column":8},"end":{"line":22,"column":34}},"16":{"start":{"line":23,"column":25},"end":{"line":23,"column":52}},"17":{"start":{"line":24,"column":25},"end":{"line":24,"column":54}},"18":{"start":{"line":25,"column":25},"end":{"line":25,"column":39}},"19":{"start":{"line":26,"column":22},"end":{"line":26,"column":68}},"20":{"start":{"line":27,"column":8},"end":{"line":27,"column":38}},"21":{"start":{"line":28,"column":8},"end":{"line":28,"column":40}},"22":{"start":{"line":37,"column":8},"end":{"line":61,"column":9}},"23":{"start":{"line":42,"column":12},"end":{"line":42,"column":55}},"24":{"start":{"line":43,"column":12},"end":{"line":56,"column":55}},"25":{"start":{"line":52,"column":20},"end":{"line":52,"column":40}},"26":{"start":{"line":53,"column":20},"end":{"line":53,"column":37}},"27":{"start":{"line":54,"column":20},"end":{"line":54,"column":42}},"28":{"start":{"line":55,"column":20},"end":{"line":55,"column":44}},"29":{"start":{"line":56,"column":34},"end":{"line":56,"column":54}},"30":{"start":{"line":58,"column":12},"end":{"line":58,"column":61}},"31":{"start":{"line":59,"column":12},"end":{"line":59,"column":32}},"32":{"start":{"line":60,"column":12},"end":{"line":60,"column":52}},"33":{"start":{"line":63,"column":19},"end":{"line":82,"column":5}},"34":{"start":{"line":64,"column":8},"end":{"line":64,"column":26}},"35":{"start":{"line":65,"column":8},"end":{"line":65,"column":151}},"36":{"start":{"line":66,"column":22},"end":{"line":66,"column":68}},"37":{"start":{"line":67,"column":21},"end":{"line":79,"column":9}},"38":{"start":{"line":80,"column":8},"end":{"line":80,"column":29}},"39":{"start":{"line":81,"column":8},"end":{"line":81,"column":45}}},"fnMap":{"0":{"name":"(anonymous_0)","decl":{"start":{"line":5,"column":4},"end":{"line":5,"column":5}},"loc":{"start":{"line":5,"column":63},"end":{"line":17,"column":5}},"line":5},"1":{"name":"(anonymous_1)","decl":{"start":{"line":18,"column":23},"end":{"line":18,"column":24}},"loc":{"start":{"line":18,"column":28},"end":{"line":62,"column":5}},"line":18},"2":{"name":"(anonymous_2)","decl":{"start":{"line":51,"column":22},"end":{"line":51,"column":23}},"loc":{"start":{"line":51,"column":44},"end":{"line":56,"column":17}},"line":51},"3":{"name":"(anonymous_3)","decl":{"start":{"line":56,"column":25},"end":{"line":56,"column":26}},"loc":{"start":{"line":56,"column":34},"end":{"line":56,"column":54}},"line":56},"4":{"name":"(anonymous_4)","decl":{"start":{"line":63,"column":19},"end":{"line":63,"column":20}},"loc":{"start":{"line":63,"column":24},"end":{"line":82,"column":5}},"line":63}},"branchMap":{"0":{"loc":{"start":{"line":37,"column":8},"end":{"line":61,"column":9}},"type":"if","locations":[{"start":{"line":37,"column":8},"end":{"line":61,"column":9}},{"start":{"line":37,"column":8},"end":{"line":61,"column":9}}],"line":37},"1":{"loc":{"start":{"line":38,"column":12},"end":{"line":40,"column":37}},"type":"binary-expr","locations":[{"start":{"line":38,"column":13},"end":{"line":38,"column":17}},{"start":{"line":38,"column":21},"end":{"line":38,"column":47}},{"start":{"line":39,"column":12},"end":{"line":39,"column":37}},{"start":{"line":40,"column":12},"end":{"line":40,"column":37}}],"line":38},"2":{"loc":{"start":{"line":74,"column":17},"end":{"line":74,"column":89}},"type":"binary-expr","locations":[{"start":{"line":74,"column":17},"end":{"line":74,"column":83}},{"start":{"line":74,"column":87},"end":{"line":74,"column":89}}],"line":74}},"s":{"0":12,"1":12,"2":12,"3":12,"4":12,"5":12,"6":12,"7":12,"8":12,"9":12,"10":12,"11":12,"12":4,"13":4,"14":4,"15":4,"16":4,"17":4,"18":4,"19":4,"20":4,"21":4,"22":4,"23":2,"24":2,"25":2,"26":2,"27":2,"28":2,"29":0,"30":2,"31":2,"32":2,"33":12,"34":4,"35":4,"36":4,"37":4,"38":4,"39":4},"f":{"0":12,"1":4,"2":2,"3":0,"4":4},"b":{"0":[2,2],"1":[4,4,4,4],"2":[4,4]},"_coverageSchema":"1a1c01bbd47fc00a2c39e90264f33305004495a9","hash":"7a9b00fede73add82e317261fe8f7be4e185e965"}
,"/Users/clairem/Documents/Mac/Documents/Cours/Cours et parcours OpenCl/Projets prepa diplôme/projet9/P9-Billed-App/bill-app/Billed-app-FR-Front/src/views/Actions.js": {"path":"/Users/clairem/Documents/Mac/Documents/Cours/Cours et parcours OpenCl/Projets prepa diplôme/projet9/P9-Billed-App/bill-app/Billed-app-FR-Front/src/views/Actions.js","statementMap":{"0":{"start":{"line":5,"column":2},"end":{"line":11,"column":3}}},"fnMap":{"0":{"name":"(anonymous_0)","decl":{"start":{"line":4,"column":15},"end":{"line":4,"column":16}},"loc":{"start":{"line":4,"column":28},"end":{"line":12,"column":1}},"line":4}},"branchMap":{},"s":{"0":46},"f":{"0":46},"b":{},"_coverageSchema":"1a1c01bbd47fc00a2c39e90264f33305004495a9","hash":"1f70686586371a3d0d93ebfb4b82fa035dd77d72"}
,"/Users/clairem/Documents/Mac/Documents/Cours/Cours et parcours OpenCl/Projets prepa diplôme/projet9/P9-Billed-App/bill-app/Billed-app-FR-Front/src/views/BillsUI.js": {"path":"/Users/clairem/Documents/Mac/Documents/Cours/Cours et parcours OpenCl/Projets prepa diplôme/projet9/P9-Billed-App/bill-app/Billed-app-FR-Front/src/views/BillsUI.js","statementMap":{"0":{"start":{"line":7,"column":12},"end":{"line":20,"column":5}},"1":{"start":{"line":8,"column":8},"end":{"line":19,"column":6}},"2":{"start":{"line":22,"column":13},"end":{"line":26,"column":1}},"3":{"start":{"line":23,"column":4},"end":{"line":25,"column":45}},"4":{"start":{"line":24,"column":24},"end":{"line":24,"column":59}},"5":{"start":{"line":25,"column":21},"end":{"line":25,"column":30}},"6":{"start":{"line":34,"column":18},"end":{"line":49,"column":4}},"7":{"start":{"line":34,"column":25},"end":{"line":49,"column":3}},"8":{"start":{"line":51,"column":4},"end":{"line":55,"column":5}},"9":{"start":{"line":52,"column":8},"end":{"line":52,"column":28}},"10":{"start":{"line":53,"column":11},"end":{"line":55,"column":5}},"11":{"start":{"line":54,"column":8},"end":{"line":54,"column":31}},"12":{"start":{"line":57,"column":4},"end":{"line":84,"column":12}}},"fnMap":{"0":{"name":"(anonymous_0)","decl":{"start":{"line":7,"column":12},"end":{"line":7,"column":13}},"loc":{"start":{"line":7,"column":22},"end":{"line":20,"column":5}},"line":7},"1":{"name":"(anonymous_1)","decl":{"start":{"line":22,"column":13},"end":{"line":22,"column":14}},"loc":{"start":{"line":22,"column":23},"end":{"line":26,"column":1}},"line":22},"2":{"name":"(anonymous_2)","decl":{"start":{"line":24,"column":14},"end":{"line":24,"column":15}},"loc":{"start":{"line":24,"column":24},"end":{"line":24,"column":59}},"line":24},"3":{"name":"(anonymous_3)","decl":{"start":{"line":25,"column":13},"end":{"line":25,"column":14}},"loc":{"start":{"line":25,"column":21},"end":{"line":25,"column":30}},"line":25},"4":{"name":"(anonymous_4)","decl":{"start":{"line":32,"column":15},"end":{"line":32,"column":16}},"loc":{"start":{"line":32,"column":52},"end":{"line":85,"column":1}},"line":32},"5":{"name":"(anonymous_5)","decl":{"start":{"line":34,"column":18},"end":{"line":34,"column":19}},"loc":{"start":{"line":34,"column":25},"end":{"line":49,"column":3}},"line":34}},"branchMap":{"0":{"loc":{"start":{"line":23,"column":11},"end":{"line":25,"column":45}},"type":"cond-expr","locations":[{"start":{"line":23,"column":35},"end":{"line":25,"column":40}},{"start":{"line":25,"column":43},"end":{"line":25,"column":45}}],"line":23},"1":{"loc":{"start":{"line":23,"column":12},"end":{"line":23,"column":31}},"type":"binary-expr","locations":[{"start":{"line":23,"column":12},"end":{"line":23,"column":16}},{"start":{"line":23,"column":20},"end":{"line":23,"column":31}}],"line":23},"2":{"loc":{"start":{"line":51,"column":4},"end":{"line":55,"column":5}},"type":"if","locations":[{"start":{"line":51,"column":4},"end":{"line":55,"column":5}},{"start":{"line":51,"column":4},"end":{"line":55,"column":5}}],"line":51},"3":{"loc":{"start":{"line":53,"column":11},"end":{"line":55,"column":5}},"type":"if","locations":[{"start":{"line":53,"column":11},"end":{"line":55,"column":5}},{"start":{"line":53,"column":11},"end":{"line":55,"column":5}}],"line":53}},"s":{"0":6,"1":44,"2":6,"3":16,"4":36,"5":44,"6":31,"7":16,"8":31,"9":11,"10":20,"11":4,"12":16},"f":{"0":44,"1":16,"2":36,"3":44,"4":31,"5":16},"b":{"0":[11,5],"1":[16,12],"2":[11,20],"3":[4,16]},"_coverageSchema":"1a1c01bbd47fc00a2c39e90264f33305004495a9","hash":"1f5814d1b28b94266fcaf6db052038c7c82ea559"}
,"/Users/clairem/Documents/Mac/Documents/Cours/Cours et parcours OpenCl/Projets prepa diplôme/projet9/P9-Billed-App/bill-app/Billed-app-FR-Front/src/views/DashboardFormUI.js": {"path":"/Users/clairem/Documents/Mac/Documents/Cours/Cours et parcours OpenCl/Projets prepa diplôme/projet9/P9-Billed-App/bill-app/Billed-app-FR-Front/src/views/DashboardFormUI.js","statementMap":{"0":{"start":{"line":7,"column":21},"end":{"line":22,"column":4}},"1":{"start":{"line":7,"column":28},"end":{"line":22,"column":3}},"2":{"start":{"line":26,"column":2},"end":{"line":101,"column":4}}},"fnMap":{"0":{"name":"(anonymous_0)","decl":{"start":{"line":7,"column":21},"end":{"line":7,"column":22}},"loc":{"start":{"line":7,"column":28},"end":{"line":22,"column":3}},"line":7},"1":{"name":"(anonymous_1)","decl":{"start":{"line":24,"column":15},"end":{"line":24,"column":16}},"loc":{"start":{"line":24,"column":25},"end":{"line":102,"column":1}},"line":24}},"branchMap":{"0":{"loc":{"start":{"line":79,"column":9},"end":{"line":89,"column":9}},"type":"cond-expr","locations":[{"start":{"line":79,"column":38},"end":{"line":84,"column":8}},{"start":{"line":84,"column":13},"end":{"line":89,"column":8}}],"line":79},"1":{"loc":{"start":{"line":92,"column":8},"end":{"line":97,"column":13}},"type":"cond-expr","locations":[{"start":{"line":92,"column":37},"end":{"line":97,"column":7}},{"start":{"line":97,"column":11},"end":{"line":97,"column":13}}],"line":92}},"s":{"0":7,"1":9,"2":9},"f":{"0":9,"1":9},"b":{"0":[6,3],"1":[6,3]},"_coverageSchema":"1a1c01bbd47fc00a2c39e90264f33305004495a9","hash":"a7ec878575669ff3388eaedf96c3162c28fce2ce"}
,"/Users/clairem/Documents/Mac/Documents/Cours/Cours et parcours OpenCl/Projets prepa diplôme/projet9/P9-Billed-App/bill-app/Billed-app-FR-Front/src/views/DashboardUI.js": {"path":"/Users/clairem/Documents/Mac/Documents/Cours/Cours et parcours OpenCl/Projets prepa diplôme/projet9/P9-Billed-App/bill-app/Billed-app-FR-Front/src/views/DashboardUI.js","statementMap":{"0":{"start":{"line":10,"column":2},"end":{"line":14,"column":3}},"1":{"start":{"line":11,"column":4},"end":{"line":11,"column":24}},"2":{"start":{"line":12,"column":9},"end":{"line":14,"column":3}},"3":{"start":{"line":13,"column":4},"end":{"line":13,"column":27}},"4":{"start":{"line":16,"column":2},"end":{"line":48,"column":3}}},"fnMap":{"0":{"name":"(anonymous_0)","decl":{"start":{"line":8,"column":15},"end":{"line":8,"column":16}},"loc":{"start":{"line":8,"column":45},"end":{"line":49,"column":1}},"line":8}},"branchMap":{"0":{"loc":{"start":{"line":10,"column":2},"end":{"line":14,"column":3}},"type":"if","locations":[{"start":{"line":10,"column":2},"end":{"line":14,"column":3}},{"start":{"line":10,"column":2},"end":{"line":14,"column":3}}],"line":10},"1":{"loc":{"start":{"line":12,"column":9},"end":{"line":14,"column":3}},"type":"if","locations":[{"start":{"line":12,"column":9},"end":{"line":14,"column":3}},{"start":{"line":12,"column":9},"end":{"line":14,"column":3}}],"line":12},"2":{"loc":{"start":{"line":22,"column":45},"end":{"line":22,"column":63}},"type":"binary-expr","locations":[{"start":{"line":22,"column":45},"end":{"line":22,"column":49}},{"start":{"line":22,"column":53},"end":{"line":22,"column":63}}],"line":22},"3":{"loc":{"start":{"line":29,"column":43},"end":{"line":29,"column":61}},"type":"binary-expr","locations":[{"start":{"line":29,"column":43},"end":{"line":29,"column":47}},{"start":{"line":29,"column":51},"end":{"line":29,"column":61}}],"line":29},"4":{"loc":{"start":{"line":36,"column":43},"end":{"line":36,"column":61}},"type":"binary-expr","locations":[{"start":{"line":36,"column":43},"end":{"line":36,"column":47}},{"start":{"line":36,"column":51},"end":{"line":36,"column":61}}],"line":36}},"s":{"0":21,"1":6,"2":15,"3":3,"4":12},"f":{"0":21},"b":{"0":[6,15],"1":[3,12],"2":[12,7],"3":[12,7],"4":[12,7]},"_coverageSchema":"1a1c01bbd47fc00a2c39e90264f33305004495a9","hash":"bc58ad0b0e37000afb0636d6599ac4e724352ebf"}
,"/Users/clairem/Documents/Mac/Documents/Cours/Cours et parcours OpenCl/Projets prepa diplôme/projet9/P9-Billed-App/bill-app/Billed-app-FR-Front/src/views/ErrorPage.js": {"path":"/Users/clairem/Documents/Mac/Documents/Cours/Cours et parcours OpenCl/Projets prepa diplôme/projet9/P9-Billed-App/bill-app/Billed-app-FR-Front/src/views/ErrorPage.js","statementMap":{"0":{"start":{"line":4,"column":2},"end":{"line":15,"column":3}}},"fnMap":{"0":{"name":"(anonymous_0)","decl":{"start":{"line":3,"column":15},"end":{"line":3,"column":16}},"loc":{"start":{"line":3,"column":26},"end":{"line":16,"column":1}},"line":3}},"branchMap":{"0":{"loc":{"start":{"line":12,"column":12},"end":{"line":12,"column":30}},"type":"cond-expr","locations":[{"start":{"line":12,"column":20},"end":{"line":12,"column":25}},{"start":{"line":12,"column":28},"end":{"line":12,"column":30}}],"line":12}},"s":{"0":9},"f":{"0":9},"b":{"0":[8,1]},"_coverageSchema":"1a1c01bbd47fc00a2c39e90264f33305004495a9","hash":"b9cd196f05fff8e8c5d1fcf166a2ddac7b4116f8"}
,"/Users/clairem/Documents/Mac/Documents/Cours/Cours et parcours OpenCl/Projets prepa diplôme/projet9/P9-Billed-App/bill-app/Billed-app-FR-Front/src/views/LoadingPage.js": {"path":"/Users/clairem/Documents/Mac/Documents/Cours/Cours et parcours OpenCl/Projets prepa diplôme/projet9/P9-Billed-App/bill-app/Billed-app-FR-Front/src/views/LoadingPage.js","statementMap":{"0":{"start":{"line":5,"column":2},"end":{"line":12,"column":3}}},"fnMap":{"0":{"name":"(anonymous_0)","decl":{"start":{"line":3,"column":15},"end":{"line":3,"column":16}},"loc":{"start":{"line":3,"column":21},"end":{"line":13,"column":1}},"line":3}},"branchMap":{},"s":{"0":18},"f":{"0":18},"b":{},"_coverageSchema":"1a1c01bbd47fc00a2c39e90264f33305004495a9","hash":"d188d4ed418602ab46010f5f54c53a6a30b818f0"}
,"/Users/clairem/Documents/Mac/Documents/Cours/Cours et parcours OpenCl/Projets prepa diplôme/projet9/P9-Billed-App/bill-app/Billed-app-FR-Front/src/views/LoginUI.js": {"path":"/Users/clairem/Documents/Mac/Documents/Cours/Cours et parcours OpenCl/Projets prepa diplôme/projet9/P9-Billed-App/bill-app/Billed-app-FR-Front/src/views/LoginUI.js","statementMap":{"0":{"start":{"line":4,"column":2},"end":{"line":46,"column":4}}},"fnMap":{"0":{"name":"(anonymous_0)","decl":{"start":{"line":2,"column":15},"end":{"line":2,"column":16}},"loc":{"start":{"line":2,"column":21},"end":{"line":47,"column":1}},"line":2}},"branchMap":{},"s":{"0":22},"f":{"0":22},"b":{},"_coverageSchema":"1a1c01bbd47fc00a2c39e90264f33305004495a9","hash":"9ddcbcabce6ec46751fc35e93fcd648ff860f652"}
,"/Users/clairem/Documents/Mac/Documents/Cours/Cours et parcours OpenCl/Projets prepa diplôme/projet9/P9-Billed-App/bill-app/Billed-app-FR-Front/src/views/NewBillUI.js": {"path":"/Users/clairem/Documents/Mac/Documents/Cours/Cours et parcours OpenCl/Projets prepa diplôme/projet9/P9-Billed-App/bill-app/Billed-app-FR-Front/src/views/NewBillUI.js","statementMap":{"0":{"start":{"line":5,"column":4},"end":{"line":76,"column":4}}},"fnMap":{"0":{"name":"(anonymous_0)","decl":{"start":{"line":3,"column":15},"end":{"line":3,"column":16}},"loc":{"start":{"line":3,"column":21},"end":{"line":77,"column":1}},"line":3}},"branchMap":{},"s":{"0":16},"f":{"0":16},"b":{},"_coverageSchema":"1a1c01bbd47fc00a2c39e90264f33305004495a9","hash":"56ac05a589897c5d023ff85dde2837161fd3554e"}
,"/Users/clairem/Documents/Mac/Documents/Cours/Cours et parcours OpenCl/Projets prepa diplôme/projet9/P9-Billed-App/bill-app/Billed-app-FR-Front/src/views/VerticalLayout.js": {"path":"/Users/clairem/Documents/Mac/Documents/Cours/Cours et parcours OpenCl/Projets prepa diplôme/projet9/P9-Billed-App/bill-app/Billed-app-FR-Front/src/views/VerticalLayout.js","statementMap":{"0":{"start":{"line":7,"column":4},"end":{"line":7,"column":51}},"1":{"start":{"line":8,"column":4},"end":{"line":10,"column":5}},"2":{"start":{"line":9,"column":6},"end":{"line":9,"column":29}},"3":{"start":{"line":11,"column":4},"end":{"line":39,"column":5}},"4":{"start":{"line":12,"column":6},"end":{"line":27,"column":7}},"5":{"start":{"line":29,"column":6},"end":{"line":38,"column":7}}},"fnMap":{"0":{"name":"(anonymous_0)","decl":{"start":{"line":5,"column":15},"end":{"line":5,"column":16}},"loc":{"start":{"line":5,"column":27},"end":{"line":40,"column":1}},"line":5}},"branchMap":{"0":{"loc":{"start":{"line":8,"column":4},"end":{"line":10,"column":5}},"type":"if","locations":[{"start":{"line":8,"column":4},"end":{"line":10,"column":5}},{"start":{"line":8,"column":4},"end":{"line":10,"column":5}}],"line":8},"1":{"loc":{"start":{"line":11,"column":4},"end":{"line":39,"column":5}},"type":"if","locations":[{"start":{"line":11,"column":4},"end":{"line":39,"column":5}},{"start":{"line":11,"column":4},"end":{"line":39,"column":5}}],"line":11},"2":{"loc":{"start":{"line":11,"column":8},"end":{"line":11,"column":40}},"type":"binary-expr","locations":[{"start":{"line":11,"column":8},"end":{"line":11,"column":12}},{"start":{"line":11,"column":16},"end":{"line":11,"column":40}}],"line":11}},"s":{"0":72,"1":72,"2":60,"3":72,"4":44,"5":28},"f":{"0":72},"b":{"0":[60,12],"1":[44,28],"2":[72,60]},"_coverageSchema":"1a1c01bbd47fc00a2c39e90264f33305004495a9","hash":"ea7b0ca126a0d5c7e65d5b42f061a8ed073258b5"}
}
